0 info it worked if it ends with ok
1 verbose cli [ 'node', '/usr/local/bin/npm', 'update', '-g', 'ionic' ]
2 info using npm@1.4.3
3 info using node@v0.10.26
4 verbose url raw ionic
5 verbose url resolving [ 'https://registry.npmjs.org/', './ionic' ]
6 verbose url resolved https://registry.npmjs.org/ionic
7 info trying registry request attempt 1 at 16:34:32
8 verbose etag "2KOGIDBBCQLZEGLNQS8PNNHQE"
9 http GET https://registry.npmjs.org/ionic
10 http 304 https://registry.npmjs.org/ionic
11 silly registry.get cb [ 304,
11 silly registry.get   { date: 'Wed, 08 Apr 2015 08:34:32 GMT',
11 silly registry.get     server: 'Apache',
11 silly registry.get     via: '1.1 varnish',
11 silly registry.get     'last-modified': 'Wed, 08 Apr 2015 08:34:33 GMT',
11 silly registry.get     'cache-control': 'max-age=60',
11 silly registry.get     etag: '"2KOGIDBBCQLZEGLNQS8PNNHQE"',
11 silly registry.get     age: '0',
11 silly registry.get     'x-served-by': 'cache-nrt6127-NRT',
11 silly registry.get     'x-cache': 'HIT',
11 silly registry.get     'x-cache-hits': '1',
11 silly registry.get     'x-timer': 'S1428482072.898949,VS0,VE457',
11 silly registry.get     vary: 'Accept',
11 silly registry.get     'content-length': '0',
11 silly registry.get     'keep-alive': 'timeout=10, max=50',
11 silly registry.get     connection: 'Keep-Alive' } ]
12 verbose etag ionic from cache
13 info outdated updating [ [ '/usr/local/lib',
13 info outdated     'ionic',
13 info outdated     '1.0.14',
13 info outdated     '1.4.0-alpha.6',
13 info outdated     '1.3.19',
13 info outdated     '*' ] ]
14 verbose install where,what [ '/usr/local/lib', [ 'ionic@1.4.0-alpha.6' ] ]
15 verbose cache add [ 'ionic@1.4.0-alpha.6', null ]
16 verbose cache add name=undefined spec="ionic@1.4.0-alpha.6" args=["ionic@1.4.0-alpha.6",null]
17 verbose parsed url { protocol: null,
17 verbose parsed url   slashes: null,
17 verbose parsed url   auth: null,
17 verbose parsed url   host: null,
17 verbose parsed url   port: null,
17 verbose parsed url   hostname: null,
17 verbose parsed url   hash: null,
17 verbose parsed url   search: null,
17 verbose parsed url   query: null,
17 verbose parsed url   pathname: 'ionic@1.4.0-alpha.6',
17 verbose parsed url   path: 'ionic@1.4.0-alpha.6',
17 verbose parsed url   href: 'ionic@1.4.0-alpha.6' }
18 verbose cache add name="ionic" spec="1.4.0-alpha.6" args=["ionic","1.4.0-alpha.6"]
19 verbose parsed url { protocol: null,
19 verbose parsed url   slashes: null,
19 verbose parsed url   auth: null,
19 verbose parsed url   host: null,
19 verbose parsed url   port: null,
19 verbose parsed url   hostname: null,
19 verbose parsed url   hash: null,
19 verbose parsed url   search: null,
19 verbose parsed url   query: null,
19 verbose parsed url   pathname: '1.4.0-alpha.6',
19 verbose parsed url   path: '1.4.0-alpha.6',
19 verbose parsed url   href: '1.4.0-alpha.6' }
20 verbose addNamed [ 'ionic', '1.4.0-alpha.6' ]
21 verbose addNamed [ '1.4.0-alpha.6', '1.4.0-alpha.6' ]
22 silly lockFile 5c0b5734-ionic-1-4-0-alpha-6 ionic@1.4.0-alpha.6
23 verbose lock ionic@1.4.0-alpha.6 /Users/ericyu/.npm/5c0b5734-ionic-1-4-0-alpha-6.lock
24 verbose url raw ionic/1.4.0-alpha.6
25 verbose url resolving [ 'https://registry.npmjs.org/', './ionic/1.4.0-alpha.6' ]
26 verbose url resolved https://registry.npmjs.org/ionic/1.4.0-alpha.6
27 info trying registry request attempt 1 at 16:34:33
28 http GET https://registry.npmjs.org/ionic/1.4.0-alpha.6
29 http 200 https://registry.npmjs.org/ionic/1.4.0-alpha.6
30 silly registry.get cb [ 200,
30 silly registry.get   { date: 'Wed, 08 Apr 2015 08:34:34 GMT',
30 silly registry.get     server: 'CouchDB/1.5.0 (Erlang OTP/R16B03)',
30 silly registry.get     etag: '"2KOGIDBBCQLZEGLNQS8PNNHQE"',
30 silly registry.get     'content-type': 'application/json',
30 silly registry.get     'cache-control': 'max-age=60',
30 silly registry.get     'content-length': '1944',
30 silly registry.get     'accept-ranges': 'bytes',
30 silly registry.get     via: '1.1 varnish',
30 silly registry.get     age: '0',
30 silly registry.get     'x-served-by': 'cache-nrt6122-NRT',
30 silly registry.get     'x-cache': 'MISS',
30 silly registry.get     'x-cache-hits': '0',
30 silly registry.get     'x-timer': 'S1428482073.941406,VS0,VE765',
30 silly registry.get     vary: 'Accept',
30 silly registry.get     'keep-alive': 'timeout=10, max=50',
30 silly registry.get     connection: 'Keep-Alive' } ]
31 silly lockFile 84d562c3-rg-ionic-ionic-1-4-0-alpha-6-tgz https://registry.npmjs.org/ionic/-/ionic-1.4.0-alpha.6.tgz
32 verbose lock https://registry.npmjs.org/ionic/-/ionic-1.4.0-alpha.6.tgz /Users/ericyu/.npm/84d562c3-rg-ionic-ionic-1-4-0-alpha-6-tgz.lock
33 verbose addRemoteTarball [ 'https://registry.npmjs.org/ionic/-/ionic-1.4.0-alpha.6.tgz',
33 verbose addRemoteTarball   '64e0f56f25f97c59d3b11af5289e632975f09193' ]
34 info retry fetch attempt 1 at 16:34:34
35 verbose fetch to= /var/folders/t_/q1_mk9nx4fqdvmfyhstgj4rr0000gn/T/npm-704-M0eeUZKd/1428482074804-0.8916519831400365/tmp.tgz
36 http GET https://registry.npmjs.org/ionic/-/ionic-1.4.0-alpha.6.tgz
37 http 200 https://registry.npmjs.org/ionic/-/ionic-1.4.0-alpha.6.tgz
38 verbose tar unpack /var/folders/t_/q1_mk9nx4fqdvmfyhstgj4rr0000gn/T/npm-704-M0eeUZKd/1428482074804-0.8916519831400365/tmp.tgz
39 silly lockFile 6a25cf98-74804-0-8916519831400365-package tar:///var/folders/t_/q1_mk9nx4fqdvmfyhstgj4rr0000gn/T/npm-704-M0eeUZKd/1428482074804-0.8916519831400365/package
40 verbose lock tar:///var/folders/t_/q1_mk9nx4fqdvmfyhstgj4rr0000gn/T/npm-704-M0eeUZKd/1428482074804-0.8916519831400365/package /Users/ericyu/.npm/6a25cf98-74804-0-8916519831400365-package.lock
41 silly lockFile 0d451338-74804-0-8916519831400365-tmp-tgz tar:///var/folders/t_/q1_mk9nx4fqdvmfyhstgj4rr0000gn/T/npm-704-M0eeUZKd/1428482074804-0.8916519831400365/tmp.tgz
42 verbose lock tar:///var/folders/t_/q1_mk9nx4fqdvmfyhstgj4rr0000gn/T/npm-704-M0eeUZKd/1428482074804-0.8916519831400365/tmp.tgz /Users/ericyu/.npm/0d451338-74804-0-8916519831400365-tmp-tgz.lock
43 silly gunzTarPerm modes [ '755', '644' ]
44 silly gunzTarPerm extractEntry package.json
45 silly gunzTarPerm modified mode [ 'package.json', 436, 420 ]
46 silly gunzTarPerm extractEntry .npmignore
47 silly gunzTarPerm modified mode [ '.npmignore', 436, 420 ]
48 silly gunzTarPerm extractEntry README.md
49 silly gunzTarPerm modified mode [ 'README.md', 436, 420 ]
50 silly gunzTarPerm extractEntry LICENSE
51 silly gunzTarPerm extractEntry .jscs.json
52 silly gunzTarPerm modified mode [ '.jscs.json', 436, 420 ]
53 silly gunzTarPerm extractEntry CHANGELOG.md
54 silly gunzTarPerm modified mode [ 'CHANGELOG.md', 436, 420 ]
55 silly gunzTarPerm extractEntry .gitattributes
56 silly gunzTarPerm extractEntry bin/ionic
57 silly gunzTarPerm extractEntry bin/testApp/package.json
58 silly gunzTarPerm modified mode [ 'bin/testApp/package.json', 436, 420 ]
59 silly gunzTarPerm extractEntry bin/testApp/.npmignore
60 silly gunzTarPerm modified mode [ 'bin/testApp/.npmignore', 436, 420 ]
61 silly gunzTarPerm extractEntry bin/testApp/gulpfile.js
62 silly gunzTarPerm modified mode [ 'bin/testApp/gulpfile.js', 436, 420 ]
63 silly gunzTarPerm extractEntry bin/testApp/hooks/README.md
64 silly gunzTarPerm modified mode [ 'bin/testApp/hooks/README.md', 436, 420 ]
65 silly gunzTarPerm extractEntry bin/testApp/hooks/after_prepare/010_add_platform_class.js
66 silly gunzTarPerm modified mode [ 'bin/testApp/hooks/after_prepare/010_add_platform_class.js',
66 silly gunzTarPerm   436,
66 silly gunzTarPerm   420 ]
67 silly gunzTarPerm extractEntry bin/testApp/.bowerrc
68 silly gunzTarPerm modified mode [ 'bin/testApp/.bowerrc', 436, 420 ]
69 silly gunzTarPerm extractEntry bin/testApp/bower.json
70 silly gunzTarPerm modified mode [ 'bin/testApp/bower.json', 436, 420 ]
71 silly gunzTarPerm extractEntry bin/testApp/ionic.project
72 silly gunzTarPerm modified mode [ 'bin/testApp/ionic.project', 436, 420 ]
73 silly gunzTarPerm extractEntry bin/testApp/config.xml
74 silly gunzTarPerm modified mode [ 'bin/testApp/config.xml', 436, 420 ]
75 silly gunzTarPerm extractEntry bin/testApp/scss/ionic.app.scss
76 silly gunzTarPerm modified mode [ 'bin/testApp/scss/ionic.app.scss', 436, 420 ]
77 silly gunzTarPerm extractEntry bin/testApp/www/css/style.css
78 silly gunzTarPerm modified mode [ 'bin/testApp/www/css/style.css', 436, 420 ]
79 silly gunzTarPerm extractEntry bin/testApp/www/img/ionic.png
80 silly gunzTarPerm modified mode [ 'bin/testApp/www/img/ionic.png', 436, 420 ]
81 silly gunzTarPerm extractEntry bin/testApp/www/index.html
82 silly gunzTarPerm modified mode [ 'bin/testApp/www/index.html', 436, 420 ]
83 silly gunzTarPerm extractEntry bin/testApp/www/js/app.js
84 silly gunzTarPerm modified mode [ 'bin/testApp/www/js/app.js', 436, 420 ]
85 silly gunzTarPerm extractEntry bin/testApp/www/js/controllers.js
86 silly gunzTarPerm modified mode [ 'bin/testApp/www/js/controllers.js', 436, 420 ]
87 silly gunzTarPerm extractEntry bin/testApp/www/js/services.js
88 silly gunzTarPerm modified mode [ 'bin/testApp/www/js/services.js', 436, 420 ]
89 silly gunzTarPerm extractEntry bin/testApp/www/lib/ionic/css/ionic.css
90 silly gunzTarPerm modified mode [ 'bin/testApp/www/lib/ionic/css/ionic.css', 436, 420 ]
91 silly gunzTarPerm extractEntry bin/testApp/www/lib/ionic/css/ionic.min.css
92 silly gunzTarPerm modified mode [ 'bin/testApp/www/lib/ionic/css/ionic.min.css', 436, 420 ]
93 silly gunzTarPerm extractEntry bin/testApp/www/lib/ionic/fonts/ionicons.eot
94 silly gunzTarPerm modified mode [ 'bin/testApp/www/lib/ionic/fonts/ionicons.eot', 436, 420 ]
95 silly gunzTarPerm extractEntry bin/testApp/www/lib/ionic/fonts/ionicons.svg
96 silly gunzTarPerm modified mode [ 'bin/testApp/www/lib/ionic/fonts/ionicons.svg', 436, 420 ]
97 silly gunzTarPerm extractEntry bin/testApp/www/lib/ionic/fonts/ionicons.ttf
98 silly gunzTarPerm modified mode [ 'bin/testApp/www/lib/ionic/fonts/ionicons.ttf', 436, 420 ]
99 silly gunzTarPerm extractEntry bin/testApp/www/lib/ionic/fonts/ionicons.woff
100 silly gunzTarPerm modified mode [ 'bin/testApp/www/lib/ionic/fonts/ionicons.woff', 436, 420 ]
101 silly gunzTarPerm extractEntry bin/testApp/www/lib/ionic/js/ionic-angular.js
102 silly gunzTarPerm modified mode [ 'bin/testApp/www/lib/ionic/js/ionic-angular.js', 436, 420 ]
103 silly gunzTarPerm extractEntry bin/testApp/www/lib/ionic/js/ionic-angular.min.js
104 silly gunzTarPerm modified mode [ 'bin/testApp/www/lib/ionic/js/ionic-angular.min.js', 436, 420 ]
105 silly gunzTarPerm extractEntry bin/testApp/www/lib/ionic/js/ionic.bundle.js
106 silly gunzTarPerm modified mode [ 'bin/testApp/www/lib/ionic/js/ionic.bundle.js', 436, 420 ]
107 silly gunzTarPerm extractEntry bin/testApp/www/lib/ionic/js/ionic.bundle.min.js
108 silly gunzTarPerm modified mode [ 'bin/testApp/www/lib/ionic/js/ionic.bundle.min.js', 436, 420 ]
109 silly gunzTarPerm extractEntry bin/testApp/www/lib/ionic/js/ionic.js
110 silly gunzTarPerm modified mode [ 'bin/testApp/www/lib/ionic/js/ionic.js', 436, 420 ]
111 silly gunzTarPerm extractEntry bin/testApp/www/lib/ionic/js/ionic.min.js
112 silly gunzTarPerm modified mode [ 'bin/testApp/www/lib/ionic/js/ionic.min.js', 436, 420 ]
113 silly gunzTarPerm extractEntry bin/testApp/www/lib/ionic/js/angular/angular-animate.js
114 silly gunzTarPerm modified mode [ 'bin/testApp/www/lib/ionic/js/angular/angular-animate.js',
114 silly gunzTarPerm   436,
114 silly gunzTarPerm   420 ]
115 silly gunzTarPerm extractEntry bin/testApp/www/lib/ionic/js/angular/angular-animate.min.js
116 silly gunzTarPerm modified mode [ 'bin/testApp/www/lib/ionic/js/angular/angular-animate.min.js',
116 silly gunzTarPerm   436,
116 silly gunzTarPerm   420 ]
117 silly gunzTarPerm extractEntry bin/testApp/www/lib/ionic/js/angular/angular-resource.js
118 silly gunzTarPerm modified mode [ 'bin/testApp/www/lib/ionic/js/angular/angular-resource.js',
118 silly gunzTarPerm   436,
118 silly gunzTarPerm   420 ]
119 silly gunzTarPerm extractEntry bin/testApp/www/lib/ionic/js/angular/angular-resource.min.js
120 silly gunzTarPerm modified mode [ 'bin/testApp/www/lib/ionic/js/angular/angular-resource.min.js',
120 silly gunzTarPerm   436,
120 silly gunzTarPerm   420 ]
121 silly gunzTarPerm extractEntry bin/testApp/www/lib/ionic/js/angular/angular-sanitize.js
122 silly gunzTarPerm modified mode [ 'bin/testApp/www/lib/ionic/js/angular/angular-sanitize.js',
122 silly gunzTarPerm   436,
122 silly gunzTarPerm   420 ]
123 silly gunzTarPerm extractEntry bin/testApp/www/lib/ionic/js/angular/angular-sanitize.min.js
124 silly gunzTarPerm modified mode [ 'bin/testApp/www/lib/ionic/js/angular/angular-sanitize.min.js',
124 silly gunzTarPerm   436,
124 silly gunzTarPerm   420 ]
125 silly gunzTarPerm extractEntry bin/testApp/www/lib/ionic/js/angular/angular.js
126 silly gunzTarPerm modified mode [ 'bin/testApp/www/lib/ionic/js/angular/angular.js', 436, 420 ]
127 silly gunzTarPerm extractEntry bin/testApp/www/lib/ionic/js/angular/angular.min.js
128 silly gunzTarPerm modified mode [ 'bin/testApp/www/lib/ionic/js/angular/angular.min.js',
128 silly gunzTarPerm   436,
128 silly gunzTarPerm   420 ]
129 silly gunzTarPerm extractEntry bin/testApp/www/lib/ionic/js/angular-ui/angular-ui-router.js
130 silly gunzTarPerm modified mode [ 'bin/testApp/www/lib/ionic/js/angular-ui/angular-ui-router.js',
130 silly gunzTarPerm   436,
130 silly gunzTarPerm   420 ]
131 silly gunzTarPerm extractEntry bin/testApp/www/lib/ionic/js/angular-ui/angular-ui-router.min.js
132 silly gunzTarPerm modified mode [ 'bin/testApp/www/lib/ionic/js/angular-ui/angular-ui-router.min.js',
132 silly gunzTarPerm   436,
132 silly gunzTarPerm   420 ]
133 silly gunzTarPerm extractEntry bin/testApp/www/lib/ionic/scss/_popup.scss
134 silly gunzTarPerm modified mode [ 'bin/testApp/www/lib/ionic/scss/_popup.scss', 436, 420 ]
135 silly gunzTarPerm extractEntry bin/testApp/www/lib/ionic/scss/_action-sheet.scss
136 silly gunzTarPerm modified mode [ 'bin/testApp/www/lib/ionic/scss/_action-sheet.scss', 436, 420 ]
137 silly gunzTarPerm extractEntry bin/testApp/www/lib/ionic/scss/_backdrop.scss
138 silly gunzTarPerm modified mode [ 'bin/testApp/www/lib/ionic/scss/_backdrop.scss', 436, 420 ]
139 silly gunzTarPerm extractEntry bin/testApp/www/lib/ionic/scss/_badge.scss
140 silly gunzTarPerm modified mode [ 'bin/testApp/www/lib/ionic/scss/_badge.scss', 436, 420 ]
141 silly gunzTarPerm extractEntry bin/testApp/www/lib/ionic/scss/_bar.scss
142 silly gunzTarPerm modified mode [ 'bin/testApp/www/lib/ionic/scss/_bar.scss', 436, 420 ]
143 silly gunzTarPerm extractEntry bin/testApp/www/lib/ionic/scss/_button-bar.scss
144 silly gunzTarPerm modified mode [ 'bin/testApp/www/lib/ionic/scss/_button-bar.scss', 436, 420 ]
145 silly gunzTarPerm extractEntry bin/testApp/www/lib/ionic/scss/_button.scss
146 silly gunzTarPerm modified mode [ 'bin/testApp/www/lib/ionic/scss/_button.scss', 436, 420 ]
147 silly gunzTarPerm extractEntry bin/testApp/www/lib/ionic/scss/_checkbox.scss
148 silly gunzTarPerm modified mode [ 'bin/testApp/www/lib/ionic/scss/_checkbox.scss', 436, 420 ]
149 silly gunzTarPerm extractEntry bin/testApp/www/lib/ionic/scss/_form.scss
150 silly gunzTarPerm modified mode [ 'bin/testApp/www/lib/ionic/scss/_form.scss', 436, 420 ]
151 silly gunzTarPerm extractEntry bin/testApp/www/lib/ionic/scss/_grid.scss
152 silly gunzTarPerm modified mode [ 'bin/testApp/www/lib/ionic/scss/_grid.scss', 436, 420 ]
153 silly gunzTarPerm extractEntry bin/testApp/www/lib/ionic/scss/_items.scss
154 silly gunzTarPerm modified mode [ 'bin/testApp/www/lib/ionic/scss/_items.scss', 436, 420 ]
155 silly gunzTarPerm extractEntry bin/testApp/www/lib/ionic/scss/_list.scss
156 silly gunzTarPerm modified mode [ 'bin/testApp/www/lib/ionic/scss/_list.scss', 436, 420 ]
157 silly gunzTarPerm extractEntry bin/testApp/www/lib/ionic/scss/_loading.scss
158 silly gunzTarPerm modified mode [ 'bin/testApp/www/lib/ionic/scss/_loading.scss', 436, 420 ]
159 silly gunzTarPerm extractEntry bin/testApp/www/lib/ionic/scss/_menu.scss
160 silly gunzTarPerm modified mode [ 'bin/testApp/www/lib/ionic/scss/_menu.scss', 436, 420 ]
161 silly gunzTarPerm extractEntry bin/testApp/www/lib/ionic/scss/_mixins.scss
162 silly gunzTarPerm modified mode [ 'bin/testApp/www/lib/ionic/scss/_mixins.scss', 436, 420 ]
163 silly gunzTarPerm extractEntry bin/testApp/www/lib/ionic/scss/_modal.scss
164 silly gunzTarPerm modified mode [ 'bin/testApp/www/lib/ionic/scss/_modal.scss', 436, 420 ]
165 silly gunzTarPerm extractEntry bin/testApp/www/lib/ionic/scss/_platform.scss
166 silly gunzTarPerm modified mode [ 'bin/testApp/www/lib/ionic/scss/_platform.scss', 436, 420 ]
167 silly gunzTarPerm extractEntry bin/testApp/www/lib/ionic/scss/_popover.scss
168 silly gunzTarPerm modified mode [ 'bin/testApp/www/lib/ionic/scss/_popover.scss', 436, 420 ]
169 silly gunzTarPerm extractEntry bin/testApp/www/lib/ionic/scss/_animations.scss
170 silly gunzTarPerm modified mode [ 'bin/testApp/www/lib/ionic/scss/_animations.scss', 436, 420 ]
171 silly gunzTarPerm extractEntry bin/testApp/www/lib/ionic/scss/_progress.scss
172 silly gunzTarPerm modified mode [ 'bin/testApp/www/lib/ionic/scss/_progress.scss', 436, 420 ]
173 silly gunzTarPerm extractEntry bin/testApp/www/lib/ionic/scss/_radio.scss
174 silly gunzTarPerm modified mode [ 'bin/testApp/www/lib/ionic/scss/_radio.scss', 436, 420 ]
175 silly gunzTarPerm extractEntry bin/testApp/www/lib/ionic/scss/_range.scss
176 silly gunzTarPerm modified mode [ 'bin/testApp/www/lib/ionic/scss/_range.scss', 436, 420 ]
177 silly gunzTarPerm extractEntry bin/testApp/www/lib/ionic/scss/_refresher.scss
178 silly gunzTarPerm modified mode [ 'bin/testApp/www/lib/ionic/scss/_refresher.scss', 436, 420 ]
179 silly gunzTarPerm extractEntry bin/testApp/www/lib/ionic/scss/_reset.scss
180 silly gunzTarPerm modified mode [ 'bin/testApp/www/lib/ionic/scss/_reset.scss', 436, 420 ]
181 silly gunzTarPerm extractEntry bin/testApp/www/lib/ionic/scss/_scaffolding.scss
182 silly gunzTarPerm modified mode [ 'bin/testApp/www/lib/ionic/scss/_scaffolding.scss', 436, 420 ]
183 silly gunzTarPerm extractEntry bin/testApp/www/lib/ionic/scss/_select.scss
184 silly gunzTarPerm modified mode [ 'bin/testApp/www/lib/ionic/scss/_select.scss', 436, 420 ]
185 silly gunzTarPerm extractEntry bin/testApp/www/lib/ionic/scss/_slide-box.scss
186 silly gunzTarPerm modified mode [ 'bin/testApp/www/lib/ionic/scss/_slide-box.scss', 436, 420 ]
187 silly gunzTarPerm extractEntry bin/testApp/www/lib/ionic/scss/_spinner.scss
188 silly gunzTarPerm modified mode [ 'bin/testApp/www/lib/ionic/scss/_spinner.scss', 436, 420 ]
189 silly gunzTarPerm extractEntry bin/testApp/www/lib/ionic/scss/_tabs.scss
190 silly gunzTarPerm modified mode [ 'bin/testApp/www/lib/ionic/scss/_tabs.scss', 436, 420 ]
191 silly gunzTarPerm extractEntry bin/testApp/www/lib/ionic/scss/_toggle.scss
192 silly gunzTarPerm modified mode [ 'bin/testApp/www/lib/ionic/scss/_toggle.scss', 436, 420 ]
193 silly gunzTarPerm extractEntry bin/testApp/www/lib/ionic/scss/_transitions.scss
194 silly gunzTarPerm modified mode [ 'bin/testApp/www/lib/ionic/scss/_transitions.scss', 436, 420 ]
195 silly gunzTarPerm extractEntry bin/testApp/www/lib/ionic/scss/_type.scss
196 silly gunzTarPerm modified mode [ 'bin/testApp/www/lib/ionic/scss/_type.scss', 436, 420 ]
197 silly gunzTarPerm extractEntry bin/testApp/www/lib/ionic/scss/_util.scss
198 silly gunzTarPerm modified mode [ 'bin/testApp/www/lib/ionic/scss/_util.scss', 436, 420 ]
199 silly gunzTarPerm extractEntry bin/testApp/www/lib/ionic/scss/_variables.scss
200 silly gunzTarPerm modified mode [ 'bin/testApp/www/lib/ionic/scss/_variables.scss', 436, 420 ]
201 silly gunzTarPerm extractEntry bin/testApp/www/lib/ionic/scss/ionic.scss
202 silly gunzTarPerm modified mode [ 'bin/testApp/www/lib/ionic/scss/ionic.scss', 436, 420 ]
203 silly gunzTarPerm extractEntry bin/testApp/www/lib/ionic/scss/ionicons/_ionicons-font.scss
204 silly gunzTarPerm modified mode [ 'bin/testApp/www/lib/ionic/scss/ionicons/_ionicons-font.scss',
204 silly gunzTarPerm   436,
204 silly gunzTarPerm   420 ]
205 silly gunzTarPerm extractEntry bin/testApp/www/lib/ionic/scss/ionicons/_ionicons-icons.scss
206 silly gunzTarPerm modified mode [ 'bin/testApp/www/lib/ionic/scss/ionicons/_ionicons-icons.scss',
206 silly gunzTarPerm   436,
206 silly gunzTarPerm   420 ]
207 silly gunzTarPerm extractEntry bin/testApp/www/lib/ionic/scss/ionicons/_ionicons-variables.scss
208 silly gunzTarPerm modified mode [ 'bin/testApp/www/lib/ionic/scss/ionicons/_ionicons-variables.scss',
208 silly gunzTarPerm   436,
208 silly gunzTarPerm   420 ]
209 silly gunzTarPerm extractEntry bin/testApp/www/lib/ionic/scss/ionicons/ionicons.scss
210 silly gunzTarPerm modified mode [ 'bin/testApp/www/lib/ionic/scss/ionicons/ionicons.scss',
210 silly gunzTarPerm   436,
210 silly gunzTarPerm   420 ]
211 silly gunzTarPerm extractEntry bin/testApp/www/lib/ionic/version.json
212 silly gunzTarPerm modified mode [ 'bin/testApp/www/lib/ionic/version.json', 436, 420 ]
213 silly gunzTarPerm extractEntry bin/testApp/www/templates/chat-detail.html
214 silly gunzTarPerm modified mode [ 'bin/testApp/www/templates/chat-detail.html', 436, 420 ]
215 silly gunzTarPerm extractEntry bin/testApp/www/templates/tab-account.html
216 silly gunzTarPerm modified mode [ 'bin/testApp/www/templates/tab-account.html', 436, 420 ]
217 silly gunzTarPerm extractEntry bin/testApp/www/templates/tab-chats.html
218 silly gunzTarPerm modified mode [ 'bin/testApp/www/templates/tab-chats.html', 436, 420 ]
219 silly gunzTarPerm extractEntry bin/testApp/www/templates/tab-dash.html
220 silly gunzTarPerm modified mode [ 'bin/testApp/www/templates/tab-dash.html', 436, 420 ]
221 silly gunzTarPerm extractEntry bin/testApp/www/templates/tabs.html
222 silly gunzTarPerm modified mode [ 'bin/testApp/www/templates/tabs.html', 436, 420 ]
223 silly gunzTarPerm extractEntry lib/ionic.js
224 silly gunzTarPerm modified mode [ 'lib/ionic.js', 436, 420 ]
225 silly gunzTarPerm extractEntry lib/hooks/after_platform_add/010_install_plugins.js
226 silly gunzTarPerm modified mode [ 'lib/hooks/after_platform_add/010_install_plugins.js',
226 silly gunzTarPerm   436,
226 silly gunzTarPerm   420 ]
227 silly gunzTarPerm extractEntry lib/hooks/after_plugin_add/010_register_plugin.js
228 silly gunzTarPerm modified mode [ 'lib/hooks/after_plugin_add/010_register_plugin.js', 436, 420 ]
229 silly gunzTarPerm extractEntry lib/hooks/after_plugin_rm/010_deregister_plugin.js
230 silly gunzTarPerm modified mode [ 'lib/hooks/after_plugin_rm/010_deregister_plugin.js',
230 silly gunzTarPerm   436,
230 silly gunzTarPerm   420 ]
231 silly gunzTarPerm extractEntry lib/hooks/after_prepare/010_add_platform_class.js
232 silly gunzTarPerm modified mode [ 'lib/hooks/after_prepare/010_add_platform_class.js', 509, 493 ]
233 silly gunzTarPerm extractEntry lib/hooks/after_prepare/020_remove_sass_from_platforms.js
234 silly gunzTarPerm modified mode [ 'lib/hooks/after_prepare/020_remove_sass_from_platforms.js',
234 silly gunzTarPerm   436,
234 silly gunzTarPerm   420 ]
235 silly gunzTarPerm extractEntry lib/hooks/before_platform_add/init_directories.js
236 silly gunzTarPerm modified mode [ 'lib/hooks/before_platform_add/init_directories.js', 436, 420 ]
237 silly gunzTarPerm extractEntry lib/ionic/upload.js
238 silly gunzTarPerm modified mode [ 'lib/ionic/upload.js', 436, 420 ]
239 silly gunzTarPerm extractEntry lib/ionic/info.js
240 silly gunzTarPerm modified mode [ 'lib/ionic/info.js', 436, 420 ]
241 silly gunzTarPerm extractEntry lib/ionic/ions.js
242 silly gunzTarPerm modified mode [ 'lib/ionic/ions.js', 436, 420 ]
243 silly gunzTarPerm extractEntry lib/ionic/lib.js
244 silly gunzTarPerm modified mode [ 'lib/ionic/lib.js', 436, 420 ]
245 silly gunzTarPerm extractEntry lib/ionic/help.js
246 silly gunzTarPerm modified mode [ 'lib/ionic/help.js', 436, 420 ]
247 silly gunzTarPerm extractEntry lib/ionic/multibar.js
248 silly gunzTarPerm modified mode [ 'lib/ionic/multibar.js', 436, 420 ]
249 silly gunzTarPerm extractEntry lib/ionic/add.js
250 silly gunzTarPerm modified mode [ 'lib/ionic/add.js', 436, 420 ]
251 silly gunzTarPerm extractEntry lib/ionic/project.js
252 silly gunzTarPerm modified mode [ 'lib/ionic/project.js', 436, 420 ]
253 silly gunzTarPerm extractEntry lib/ionic/push.js
254 silly gunzTarPerm modified mode [ 'lib/ionic/push.js', 436, 420 ]
255 silly gunzTarPerm extractEntry lib/ionic/task.js
256 silly gunzTarPerm modified mode [ 'lib/ionic/task.js', 436, 420 ]
257 silly gunzTarPerm extractEntry lib/ionic/cordova.js
258 silly gunzTarPerm modified mode [ 'lib/ionic/cordova.js', 436, 420 ]
259 silly gunzTarPerm extractEntry lib/ionic/serve.js
260 silly gunzTarPerm modified mode [ 'lib/ionic/serve.js', 436, 420 ]
261 silly gunzTarPerm extractEntry lib/ionic/config.js
262 silly gunzTarPerm modified mode [ 'lib/ionic/config.js', 436, 420 ]
263 silly gunzTarPerm extractEntry lib/ionic/service.js
264 silly gunzTarPerm modified mode [ 'lib/ionic/service.js', 436, 420 ]
265 silly gunzTarPerm extractEntry lib/ionic/browser.js
266 silly gunzTarPerm modified mode [ 'lib/ionic/browser.js', 436, 420 ]
267 silly gunzTarPerm extractEntry lib/ionic/setup.js
268 silly gunzTarPerm modified mode [ 'lib/ionic/setup.js', 436, 420 ]
269 silly gunzTarPerm extractEntry lib/ionic/bower.js
270 silly gunzTarPerm modified mode [ 'lib/ionic/bower.js', 436, 420 ]
271 silly gunzTarPerm extractEntry lib/ionic/start.js
272 silly gunzTarPerm modified mode [ 'lib/ionic/start.js', 436, 420 ]
273 silly gunzTarPerm extractEntry lib/ionic/templates.js
274 silly gunzTarPerm modified mode [ 'lib/ionic/templates.js', 436, 420 ]
275 silly gunzTarPerm extractEntry lib/ionic/store.js
276 silly gunzTarPerm modified mode [ 'lib/ionic/store.js', 436, 420 ]
277 silly gunzTarPerm extractEntry lib/ionic/app.js
278 silly gunzTarPerm modified mode [ 'lib/ionic/app.js', 436, 420 ]
279 silly gunzTarPerm extractEntry lib/ionic/stats.js
280 silly gunzTarPerm modified mode [ 'lib/ionic/stats.js', 436, 420 ]
281 silly gunzTarPerm extractEntry lib/ionic/login.js
282 silly gunzTarPerm modified mode [ 'lib/ionic/login.js', 436, 420 ]
283 silly gunzTarPerm extractEntry lib/ionic/package.js
284 silly gunzTarPerm modified mode [ 'lib/ionic/package.js', 436, 420 ]
285 silly gunzTarPerm extractEntry lib/ionic/starter-templates.json
286 silly gunzTarPerm modified mode [ 'lib/ionic/starter-templates.json', 436, 420 ]
287 silly gunzTarPerm extractEntry lib/ionic/resources/generate.js
288 silly gunzTarPerm modified mode [ 'lib/ionic/resources/generate.js', 436, 420 ]
289 silly gunzTarPerm extractEntry lib/ionic/resources/settings.js
290 silly gunzTarPerm modified mode [ 'lib/ionic/resources/settings.js', 436, 420 ]
291 silly gunzTarPerm extractEntry lib/ionic/assets/preview.html
292 silly gunzTarPerm modified mode [ 'lib/ionic/assets/preview.html', 436, 420 ]
293 silly gunzTarPerm extractEntry lib/ionic/CrosswalkNotes.md
294 silly gunzTarPerm modified mode [ 'lib/ionic/CrosswalkNotes.md', 436, 420 ]
295 silly gunzTarPerm extractEntry npm-shrinkwrap.json
296 silly gunzTarPerm modified mode [ 'npm-shrinkwrap.json', 436, 420 ]
297 silly lockFile 6a25cf98-74804-0-8916519831400365-package tar:///var/folders/t_/q1_mk9nx4fqdvmfyhstgj4rr0000gn/T/npm-704-M0eeUZKd/1428482074804-0.8916519831400365/package
298 silly lockFile 6a25cf98-74804-0-8916519831400365-package tar:///var/folders/t_/q1_mk9nx4fqdvmfyhstgj4rr0000gn/T/npm-704-M0eeUZKd/1428482074804-0.8916519831400365/package
299 silly lockFile 0d451338-74804-0-8916519831400365-tmp-tgz tar:///var/folders/t_/q1_mk9nx4fqdvmfyhstgj4rr0000gn/T/npm-704-M0eeUZKd/1428482074804-0.8916519831400365/tmp.tgz
300 silly lockFile 0d451338-74804-0-8916519831400365-tmp-tgz tar:///var/folders/t_/q1_mk9nx4fqdvmfyhstgj4rr0000gn/T/npm-704-M0eeUZKd/1428482074804-0.8916519831400365/tmp.tgz
301 verbose tar pack [ '/Users/ericyu/.npm/ionic/1.4.0-alpha.6/package.tgz',
301 verbose tar pack   '/var/folders/t_/q1_mk9nx4fqdvmfyhstgj4rr0000gn/T/npm-704-M0eeUZKd/1428482074804-0.8916519831400365/package' ]
302 verbose tarball /Users/ericyu/.npm/ionic/1.4.0-alpha.6/package.tgz
303 verbose folder /var/folders/t_/q1_mk9nx4fqdvmfyhstgj4rr0000gn/T/npm-704-M0eeUZKd/1428482074804-0.8916519831400365/package
304 silly lockFile 6a25cf98-74804-0-8916519831400365-package tar:///var/folders/t_/q1_mk9nx4fqdvmfyhstgj4rr0000gn/T/npm-704-M0eeUZKd/1428482074804-0.8916519831400365/package
305 verbose lock tar:///var/folders/t_/q1_mk9nx4fqdvmfyhstgj4rr0000gn/T/npm-704-M0eeUZKd/1428482074804-0.8916519831400365/package /Users/ericyu/.npm/6a25cf98-74804-0-8916519831400365-package.lock
306 silly lockFile 4ab2b425--ionic-1-4-0-alpha-6-package-tgz tar:///Users/ericyu/.npm/ionic/1.4.0-alpha.6/package.tgz
307 verbose lock tar:///Users/ericyu/.npm/ionic/1.4.0-alpha.6/package.tgz /Users/ericyu/.npm/4ab2b425--ionic-1-4-0-alpha-6-package-tgz.lock
308 silly lockFile 6a25cf98-74804-0-8916519831400365-package tar:///var/folders/t_/q1_mk9nx4fqdvmfyhstgj4rr0000gn/T/npm-704-M0eeUZKd/1428482074804-0.8916519831400365/package
309 silly lockFile 6a25cf98-74804-0-8916519831400365-package tar:///var/folders/t_/q1_mk9nx4fqdvmfyhstgj4rr0000gn/T/npm-704-M0eeUZKd/1428482074804-0.8916519831400365/package
310 silly lockFile 4ab2b425--ionic-1-4-0-alpha-6-package-tgz tar:///Users/ericyu/.npm/ionic/1.4.0-alpha.6/package.tgz
311 silly lockFile 4ab2b425--ionic-1-4-0-alpha-6-package-tgz tar:///Users/ericyu/.npm/ionic/1.4.0-alpha.6/package.tgz
312 silly lockFile 8a6e4864--npm-ionic-1-4-0-alpha-6-package /Users/ericyu/.npm/ionic/1.4.0-alpha.6/package
313 verbose lock /Users/ericyu/.npm/ionic/1.4.0-alpha.6/package /Users/ericyu/.npm/8a6e4864--npm-ionic-1-4-0-alpha-6-package.lock
314 silly lockFile 8a6e4864--npm-ionic-1-4-0-alpha-6-package /Users/ericyu/.npm/ionic/1.4.0-alpha.6/package
315 silly lockFile 8a6e4864--npm-ionic-1-4-0-alpha-6-package /Users/ericyu/.npm/ionic/1.4.0-alpha.6/package
316 verbose tar unpack /Users/ericyu/.npm/ionic/1.4.0-alpha.6/package.tgz
317 silly lockFile 76038395--npm-ionic-1-4-0-alpha-6-package tar:///Users/ericyu/.npm/ionic/1.4.0-alpha.6/package
318 verbose lock tar:///Users/ericyu/.npm/ionic/1.4.0-alpha.6/package /Users/ericyu/.npm/76038395--npm-ionic-1-4-0-alpha-6-package.lock
319 silly lockFile 4ab2b425--ionic-1-4-0-alpha-6-package-tgz tar:///Users/ericyu/.npm/ionic/1.4.0-alpha.6/package.tgz
320 verbose lock tar:///Users/ericyu/.npm/ionic/1.4.0-alpha.6/package.tgz /Users/ericyu/.npm/4ab2b425--ionic-1-4-0-alpha-6-package-tgz.lock
321 silly gunzTarPerm modes [ '755', '644' ]
322 silly gunzTarPerm extractEntry package.json
323 silly gunzTarPerm extractEntry .npmignore
324 silly gunzTarPerm extractEntry README.md
325 silly gunzTarPerm extractEntry LICENSE
326 silly gunzTarPerm extractEntry .gitattributes
327 silly gunzTarPerm extractEntry .jscs.json
328 silly gunzTarPerm extractEntry CHANGELOG.md
329 silly gunzTarPerm extractEntry bin/ionic
330 silly gunzTarPerm extractEntry bin/testApp/package.json
331 silly gunzTarPerm extractEntry bin/testApp/.npmignore
332 silly gunzTarPerm extractEntry bin/testApp/gulpfile.js
333 silly gunzTarPerm extractEntry bin/testApp/.bowerrc
334 silly gunzTarPerm extractEntry bin/testApp/bower.json
335 silly gunzTarPerm extractEntry bin/testApp/config.xml
336 silly gunzTarPerm extractEntry bin/testApp/hooks/README.md
337 silly gunzTarPerm extractEntry bin/testApp/hooks/after_prepare/010_add_platform_class.js
338 silly gunzTarPerm extractEntry bin/testApp/ionic.project
339 silly gunzTarPerm extractEntry bin/testApp/scss/ionic.app.scss
340 silly gunzTarPerm extractEntry bin/testApp/www/css/style.css
341 silly gunzTarPerm extractEntry bin/testApp/www/img/ionic.png
342 silly gunzTarPerm extractEntry bin/testApp/www/index.html
343 silly gunzTarPerm extractEntry bin/testApp/www/js/app.js
344 silly gunzTarPerm extractEntry bin/testApp/www/js/controllers.js
345 silly gunzTarPerm extractEntry bin/testApp/www/js/services.js
346 silly gunzTarPerm extractEntry bin/testApp/www/lib/ionic/css/ionic.css
347 silly gunzTarPerm extractEntry bin/testApp/www/lib/ionic/css/ionic.min.css
348 silly gunzTarPerm extractEntry bin/testApp/www/lib/ionic/fonts/ionicons.eot
349 silly gunzTarPerm extractEntry bin/testApp/www/lib/ionic/fonts/ionicons.svg
350 silly gunzTarPerm extractEntry bin/testApp/www/lib/ionic/fonts/ionicons.ttf
351 silly gunzTarPerm extractEntry bin/testApp/www/lib/ionic/fonts/ionicons.woff
352 silly gunzTarPerm extractEntry bin/testApp/www/lib/ionic/js/ionic-angular.js
353 silly gunzTarPerm extractEntry bin/testApp/www/lib/ionic/js/ionic-angular.min.js
354 silly gunzTarPerm extractEntry bin/testApp/www/lib/ionic/js/ionic.bundle.js
355 silly gunzTarPerm extractEntry bin/testApp/www/lib/ionic/js/ionic.bundle.min.js
356 silly gunzTarPerm extractEntry bin/testApp/www/lib/ionic/js/ionic.js
357 silly gunzTarPerm extractEntry bin/testApp/www/lib/ionic/js/ionic.min.js
358 silly gunzTarPerm extractEntry bin/testApp/www/lib/ionic/js/angular/angular-animate.js
359 silly gunzTarPerm extractEntry bin/testApp/www/lib/ionic/js/angular/angular-animate.min.js
360 silly gunzTarPerm extractEntry bin/testApp/www/lib/ionic/js/angular/angular-resource.js
361 silly gunzTarPerm extractEntry bin/testApp/www/lib/ionic/js/angular/angular-resource.min.js
362 silly gunzTarPerm extractEntry bin/testApp/www/lib/ionic/js/angular/angular-sanitize.js
363 silly gunzTarPerm extractEntry bin/testApp/www/lib/ionic/js/angular/angular-sanitize.min.js
364 silly gunzTarPerm extractEntry bin/testApp/www/lib/ionic/js/angular/angular.js
365 silly gunzTarPerm extractEntry bin/testApp/www/lib/ionic/js/angular/angular.min.js
366 silly gunzTarPerm extractEntry bin/testApp/www/lib/ionic/js/angular-ui/angular-ui-router.js
367 silly gunzTarPerm extractEntry bin/testApp/www/lib/ionic/js/angular-ui/angular-ui-router.min.js
368 silly gunzTarPerm extractEntry bin/testApp/www/lib/ionic/scss/_popup.scss
369 silly gunzTarPerm extractEntry bin/testApp/www/lib/ionic/scss/_action-sheet.scss
370 silly gunzTarPerm extractEntry bin/testApp/www/lib/ionic/scss/_backdrop.scss
371 silly gunzTarPerm extractEntry bin/testApp/www/lib/ionic/scss/_badge.scss
372 silly gunzTarPerm extractEntry bin/testApp/www/lib/ionic/scss/_bar.scss
373 silly gunzTarPerm extractEntry bin/testApp/www/lib/ionic/scss/_button-bar.scss
374 silly gunzTarPerm extractEntry bin/testApp/www/lib/ionic/scss/_button.scss
375 silly gunzTarPerm extractEntry bin/testApp/www/lib/ionic/scss/_checkbox.scss
376 silly gunzTarPerm extractEntry bin/testApp/www/lib/ionic/scss/_form.scss
377 silly gunzTarPerm extractEntry bin/testApp/www/lib/ionic/scss/_grid.scss
378 silly gunzTarPerm extractEntry bin/testApp/www/lib/ionic/scss/_items.scss
379 silly gunzTarPerm extractEntry bin/testApp/www/lib/ionic/scss/_list.scss
380 silly gunzTarPerm extractEntry bin/testApp/www/lib/ionic/scss/_loading.scss
381 silly gunzTarPerm extractEntry bin/testApp/www/lib/ionic/scss/_menu.scss
382 silly gunzTarPerm extractEntry bin/testApp/www/lib/ionic/scss/_mixins.scss
383 silly gunzTarPerm extractEntry bin/testApp/www/lib/ionic/scss/_modal.scss
384 silly gunzTarPerm extractEntry bin/testApp/www/lib/ionic/scss/_platform.scss
385 silly gunzTarPerm extractEntry bin/testApp/www/lib/ionic/scss/_popover.scss
386 silly gunzTarPerm extractEntry bin/testApp/www/lib/ionic/scss/_animations.scss
387 silly gunzTarPerm extractEntry bin/testApp/www/lib/ionic/scss/_progress.scss
388 silly gunzTarPerm extractEntry bin/testApp/www/lib/ionic/scss/_radio.scss
389 silly gunzTarPerm extractEntry bin/testApp/www/lib/ionic/scss/_range.scss
390 silly gunzTarPerm extractEntry bin/testApp/www/lib/ionic/scss/_refresher.scss
391 silly gunzTarPerm extractEntry bin/testApp/www/lib/ionic/scss/_reset.scss
392 silly gunzTarPerm extractEntry bin/testApp/www/lib/ionic/scss/_scaffolding.scss
393 silly gunzTarPerm extractEntry bin/testApp/www/lib/ionic/scss/_select.scss
394 silly gunzTarPerm extractEntry bin/testApp/www/lib/ionic/scss/_slide-box.scss
395 silly gunzTarPerm extractEntry bin/testApp/www/lib/ionic/scss/_spinner.scss
396 silly gunzTarPerm extractEntry bin/testApp/www/lib/ionic/scss/_tabs.scss
397 silly gunzTarPerm extractEntry bin/testApp/www/lib/ionic/scss/_toggle.scss
398 silly gunzTarPerm extractEntry bin/testApp/www/lib/ionic/scss/_transitions.scss
399 silly gunzTarPerm extractEntry bin/testApp/www/lib/ionic/scss/_type.scss
400 silly gunzTarPerm extractEntry bin/testApp/www/lib/ionic/scss/_util.scss
401 silly gunzTarPerm extractEntry bin/testApp/www/lib/ionic/scss/_variables.scss
402 silly gunzTarPerm extractEntry bin/testApp/www/lib/ionic/scss/ionic.scss
403 silly gunzTarPerm extractEntry bin/testApp/www/lib/ionic/scss/ionicons/_ionicons-font.scss
404 silly gunzTarPerm extractEntry bin/testApp/www/lib/ionic/scss/ionicons/_ionicons-icons.scss
405 silly gunzTarPerm extractEntry bin/testApp/www/lib/ionic/scss/ionicons/_ionicons-variables.scss
406 silly gunzTarPerm extractEntry bin/testApp/www/lib/ionic/scss/ionicons/ionicons.scss
407 silly gunzTarPerm extractEntry bin/testApp/www/lib/ionic/version.json
408 silly gunzTarPerm extractEntry bin/testApp/www/templates/chat-detail.html
409 silly gunzTarPerm extractEntry bin/testApp/www/templates/tab-account.html
410 silly gunzTarPerm extractEntry bin/testApp/www/templates/tab-chats.html
411 silly gunzTarPerm extractEntry bin/testApp/www/templates/tab-dash.html
412 silly gunzTarPerm extractEntry bin/testApp/www/templates/tabs.html
413 silly gunzTarPerm extractEntry lib/ionic.js
414 silly gunzTarPerm extractEntry lib/hooks/after_platform_add/010_install_plugins.js
415 silly gunzTarPerm extractEntry lib/hooks/after_plugin_add/010_register_plugin.js
416 silly gunzTarPerm extractEntry lib/hooks/after_plugin_rm/010_deregister_plugin.js
417 silly gunzTarPerm extractEntry lib/hooks/after_prepare/010_add_platform_class.js
418 silly gunzTarPerm extractEntry lib/hooks/after_prepare/020_remove_sass_from_platforms.js
419 silly gunzTarPerm extractEntry lib/hooks/before_platform_add/init_directories.js
420 silly gunzTarPerm extractEntry lib/ionic/upload.js
421 silly gunzTarPerm extractEntry lib/ionic/info.js
422 silly gunzTarPerm extractEntry lib/ionic/ions.js
423 silly gunzTarPerm extractEntry lib/ionic/lib.js
424 silly gunzTarPerm extractEntry lib/ionic/help.js
425 silly gunzTarPerm extractEntry lib/ionic/multibar.js
426 silly gunzTarPerm extractEntry lib/ionic/add.js
427 silly gunzTarPerm extractEntry lib/ionic/project.js
428 silly gunzTarPerm extractEntry lib/ionic/push.js
429 silly gunzTarPerm extractEntry lib/ionic/task.js
430 silly gunzTarPerm extractEntry lib/ionic/cordova.js
431 silly gunzTarPerm extractEntry lib/ionic/serve.js
432 silly gunzTarPerm extractEntry lib/ionic/config.js
433 silly gunzTarPerm extractEntry lib/ionic/service.js
434 silly gunzTarPerm extractEntry lib/ionic/browser.js
435 silly gunzTarPerm extractEntry lib/ionic/setup.js
436 silly gunzTarPerm extractEntry lib/ionic/bower.js
437 silly gunzTarPerm extractEntry lib/ionic/start.js
438 silly gunzTarPerm extractEntry lib/ionic/templates.js
439 silly gunzTarPerm extractEntry lib/ionic/store.js
440 silly gunzTarPerm extractEntry lib/ionic/app.js
441 silly gunzTarPerm extractEntry lib/ionic/stats.js
442 silly gunzTarPerm extractEntry lib/ionic/login.js
443 silly gunzTarPerm extractEntry lib/ionic/package.js
444 silly gunzTarPerm extractEntry lib/ionic/starter-templates.json
445 silly gunzTarPerm extractEntry lib/ionic/resources/generate.js
446 silly gunzTarPerm extractEntry lib/ionic/resources/settings.js
447 silly gunzTarPerm extractEntry lib/ionic/assets/preview.html
448 silly gunzTarPerm extractEntry lib/ionic/CrosswalkNotes.md
449 silly gunzTarPerm extractEntry npm-shrinkwrap.json
450 silly lockFile 76038395--npm-ionic-1-4-0-alpha-6-package tar:///Users/ericyu/.npm/ionic/1.4.0-alpha.6/package
451 silly lockFile 76038395--npm-ionic-1-4-0-alpha-6-package tar:///Users/ericyu/.npm/ionic/1.4.0-alpha.6/package
452 silly lockFile 4ab2b425--ionic-1-4-0-alpha-6-package-tgz tar:///Users/ericyu/.npm/ionic/1.4.0-alpha.6/package.tgz
453 silly lockFile 4ab2b425--ionic-1-4-0-alpha-6-package-tgz tar:///Users/ericyu/.npm/ionic/1.4.0-alpha.6/package.tgz
454 verbose chmod /Users/ericyu/.npm/ionic/1.4.0-alpha.6/package.tgz 644
455 verbose chown /Users/ericyu/.npm/ionic/1.4.0-alpha.6/package.tgz [ 501, 20 ]
456 silly lockFile 84d562c3-rg-ionic-ionic-1-4-0-alpha-6-tgz https://registry.npmjs.org/ionic/-/ionic-1.4.0-alpha.6.tgz
457 silly lockFile 84d562c3-rg-ionic-ionic-1-4-0-alpha-6-tgz https://registry.npmjs.org/ionic/-/ionic-1.4.0-alpha.6.tgz
458 silly lockFile 5c0b5734-ionic-1-4-0-alpha-6 ionic@1.4.0-alpha.6
459 silly lockFile 5c0b5734-ionic-1-4-0-alpha-6 ionic@1.4.0-alpha.6
460 silly resolved [ { name: 'ionic',
460 silly resolved     version: '1.4.0-alpha.6',
460 silly resolved     preferGlobal: true,
460 silly resolved     description: 'A tool for creating and developing Ionic Framework mobile apps.',
460 silly resolved     homepage: 'http://ionicframework.com/',
460 silly resolved     bin: { ionic: 'bin/ionic' },
460 silly resolved     keywords:
460 silly resolved      [ 'ionic',
460 silly resolved        'ionic framework',
460 silly resolved        'ionicframework',
460 silly resolved        'mobile',
460 silly resolved        'app',
460 silly resolved        'hybrid',
460 silly resolved        'cordova',
460 silly resolved        'phonegap' ],
460 silly resolved     repository:
460 silly resolved      { type: 'git',
460 silly resolved        url: 'https://github.com/driftyco/ionic-cli.git' },
460 silly resolved     contributors: [ [Object], [Object], [Object], [Object] ],
460 silly resolved     license: 'MIT',
460 silly resolved     dependencies:
460 silly resolved      { archiver: '0.5.1',
460 silly resolved        colors: '0.6.2',
460 silly resolved        connect: '3.1.1',
460 silly resolved        'connect-livereload': '0.5.2',
460 silly resolved        crc: '3.2.1',
460 silly resolved        'cross-spawn': '0.2.3',
460 silly resolved        'event-stream': '3.0.x',
460 silly resolved        finalhandler: '0.2.0',
460 silly resolved        'form-data': '0.1.4',
460 silly resolved        gulp: '3.8.8',
460 silly resolved        ncp: '0.4.2',
460 silly resolved        npm: '2.1.3',
460 silly resolved        opbeat: '^1.0.7',
460 silly resolved        open: 'https://registry.npmjs.org/open/-/open-0.0.5.tgz',
460 silly resolved        optimist: '0.6.0',
460 silly resolved        progress: '1.1.7',
460 silly resolved        prompt: '0.2.12',
460 silly resolved        'proxy-middleware': '^0.7.0',
460 silly resolved        q: '1.0.1',
460 silly resolved        request: '2.51.0',
460 silly resolved        semver: '^4.2.0',
460 silly resolved        'serve-static': '1.7.1',
460 silly resolved        shelljs: '0.2.6',
460 silly resolved        'tiny-lr-fork': '0.0.5',
460 silly resolved        underscore: '~1.7.0',
460 silly resolved        unzip: '0.1.9',
460 silly resolved        'vinyl-fs': '0.3.7',
460 silly resolved        xml2js: '0.4.4' },
460 silly resolved     readme: 'Ionic-Cli\n=========\n\nThe Ionic Framework command line utility makes it easy to start, build, run, and emulate [Ionic](http://ionicframework.com/) apps. In the future, it will also have support for our mobile development services and tools that make Ionic even more powerful.\n\nUse the `ionic --help` command for more detailed task information.\n\n## Installing\n\n```bash\n$ npm install -g ionic\n```\n\n*Note: For a global install of `-g ionic`, OSX/Linux users may need to prefix the command with `sudo` or can setup [proper file permissions on OSX for npm](http://www.johnpapa.net/how-to-use-npm-global-without-sudo-on-osx/) to install without `sudo`. *\n\n\n## Starting an Ionic App\n\n```bash\n$ ionic start myapp [template]\n```\n\nStarter templates can either come from a named template, a Github repo, a Codepen, or a local directory. A starter template is what becomes the `www` directory within the Cordova project.\n\n__Named template starters:__\n\n* [tabs](https://github.com/driftyco/ionic-starter-tabs) (Default)\n* [sidemenu](https://github.com/driftyco/ionic-starter-sidemenu)\n* [blank](https://github.com/driftyco/ionic-starter-blank)\n\n__Github Repo starters:__\n\n* Any Github repo url, ex: [https://github.com/driftyco/ionic-starter-tabs](https://github.com/driftyco/ionic-starter-tabs)\n* Named templates are simply aliases to Ionic starter repos\n\n__Codepen URL starters:__\n\n* Any Codepen url, ex: [http://codepen.io/ionic/pen/odqCz](http://codepen.io/ionic/pen/odqCz)\n* [Ionic Codepen Demos](http://codepen.io/ionic/public-list/)\n\n__Local directory starters:__\n\n* Relative or absolute path to a local directory\n\n__Command-line flags/options:__\n\n    [--appname|-a]  .......  Human readable name for the app\n                             (Use quotes around the name)\n    [--id|-i]  ............  Package name set in the <widget id> config\n                             ex: com.mycompany.myapp\n    [--no-cordova|-w]  ....  Do not create an app targeted for Cordova\n    [--list|-l]  ..........  List starter templates available\n\n\n## Testing in a Browser\n\nUse `ionic serve` to start a local development server for app dev and testing. This is useful for both desktop browser testing, and to test within a device browser which is connected to the same network. Additionally, this command starts LiveReload which is used to monitor changes in the file system. As soon as you save a file the browser is refreshed automatically. View [Using Sass](https://github.com/driftyco/ionic-cli/blob/master/README.md#using-sass) if you would also like to have `ionic serve` watch the project\'s Sass files.\n\n```bash\n$ ionic serve [options]\n```\n\n__LiveReload__\n\nBy default, LiveReload will watch for changes in your `www/` directory,\nexcluding `www/lib/`.  To change this, you can specify a `watchPatterns`\nproperty in the `ionic.project` file located in your project root to watch\n(or not watch) for specific changes.\n\n```json\n{\n  "name": "myApp",\n  "app_id": "",\n  "watchPatterns": [\n    "www/js/*",\n    "!www/css/**/*"\n  ]\n}\n```\n\nFor a reference on glob pattern syntax, check out\n[globbing patterns](http://gruntjs.com/configuring-tasks#globbing-patterns) on\nthe Grunt website.\n\nNote:\n\n```bash\n$ ionic setup sass\n```\n\nwill add a `watchPatterns` propery with the default values to your `ionic.project`\nfile that you can then edit, in addition to the `gulpStartupTasks` property\ndescribed in the [Using Sass](https://github.com/driftyco/ionic-cli/blob/master/README.md#using-sass) section.\n\n\n__Service Proxies:__\n\nThe `serve` command can add some proxies to the http server. These proxies are useful if you are developing in the browser and you need to make calls to an external API. With this feature you can proxy request to the external api through the ionic http server preventing the `No \'Access-Control-Allow-Origin\' header is present on the requested resource` error.\n\nIn the `ionic.project` file you can add a property with an array of proxies you want to add. The proxies are object with two properties:\n\n* `path`: string that will be matched against the beginning of the incoming request URL.\n* `proxyUrl`: a string with the url of where the proxied request should go.\n\n```json\n{\n  "name": "appname",\n  "email": "",\n  "app_id": "",\n  "proxies": [\n    {\n      "path": "/v1",\n      "proxyUrl": "https://api.instagram.com/v1"\n    }\n  ]\n}\n\n```\n\nUsing the above configuration, you can now make requests to your local server at `http://localhost:8100/v1` to have it proxy out requests to `https://api.instagram.com/v1`\n\nFor example:\n\n```js\nangular.module(\'starter.controllers\', [])\n.constant(\'InstagramApiUrl\', \'\')\n// .contant(\'InstagramApiUrl\',\'https://api.instagram.com\')\n//In production, make this the real URL\n\n.controller(\'FeedCtrl\', function($scope, $http, InstagramApiUrl) {\n\n  $scope.feed = null;\n\n  $http.get(InstagramApiUrl + \'/v1/media/search?client_id=1&lat=48&lng=2.294351\').then(function(data) {\n    console.log(\'data \' , data)\n    $scope.feed = data;\n  })\n\n})\n```\n\nSee also [this gist](https://gist.github.com/jbavari/d9c1c94058c4fdd4e935) for more help.\n\n__Command-line flags/options:__\n\n    [--consolelogs|-c] ......  Print app console logs to Ionic CLI\n    [--serverlogs|-s] .......  Print dev server logs to Ionic CLI\n    [--port|-p] .............  Dev server HTTP port (8100 default)\n    [--livereload-port|-i] ..  Live Reload port (35729 default)\n    [--nobrowser|-b] ........  Disable launching a browser\n    [--nolivereload|-r] .....  Do not start live reload\n    [--noproxy|-x] ..........  Do not add proxies\n    [--address] .............  Serves in the browser at the specified address\n    [--lab] .................  Serves both iOS and Android in the browser\n\n## Using Ionic Labs\n\nWe\'ve extended the serve command to open the new Lab UI that features iOS and Android side-by-side.\n\n```bash\n$ ionic serve --lab\n```\n\nIf you\'ve used the serve command before, you\'ll feel right at home with this one. Just like serve, it opens your app in a browser, but now it shows you what your app will look like on a phone, with both iOS and Android side by side.\n\nAnd of course, it supports Live Reload and all the other goodies we\'ve added over the last couple of months.\n\n## Serving an alternate document root\n\nIf you\'d like to test your app in the browser and you use a folder other than the default of `www`, you can specify this folder in your `ionic.project` file.\n\nIt is also advised you specify the watch patterns for this document root as well, as follows:\n\n```json\n{\n  "name": "SmoothRiders",\n   "gulpStartupTasks": [\n    "watch"\n  ],\n  "documentRoot": "app",\n  "watchPatterns": [\n    "app/js/*",\n    "!app/css/**/*"\n  ]\n}\n\n```\n\n## Adding a platform target\n\n```bash\n$ ionic platform ios android\n```\n\n## Building your app\n\n```bash\n$ ionic build ios\n```\n\n## Live Reload App During Development (beta)\n\nThe `run` or `emulate` command will deploy the app to the specified platform devices/emulators. You can also run __live reload__ on the specified platform device by adding the `--livereload` option. The live reload functionality is similar to `ionic serve`, but instead of developing and debugging an app using a standard browser, the compiled hybrid app itself is watching for any changes to its files and reloading the app when needed. This reduces the requirement to constantly rebuild the app for small changes. However, any changes to plugins will still require a full rebuild. For live reload to work, the dev machine and device must be on the same local network, and the device must support [web sockets](http://caniuse.com/websockets).\n\nWith live reload enabled, an app\'s console logs can also be printed to the terminal/command prompt by including the `--consolelogs` or `-c` option. Additionally, the development server\'s request logs can be printed out using `--serverlogs` or `-s` options.\n\n__Command-line flags/options for `run` and `emulate`:__\n\n    [--livereload|-l] .......  Live Reload app dev files from the device (beta)\n    [--consolelogs|-c] ......  Print app console logs to Ionic CLI (live reload req.)\n    [--serverlogs|-s] .......  Print dev server logs to Ionic CLI (live reload req.)\n    [--port|-p] .............  Dev server HTTP port (8100 default, live reload req.)\n    [--livereload-port|-i] ..  Live Reload port (35729 default, live reload req.)\n    [--debug|--release]\n\nWhile the server is running for live reload, you can use the following commands within the CLI:\n\n    restart or r to restart the client app from the root\n    goto or g and a url to have the app navigate to the given url\n    consolelogs or c to enable/disable console log output\n    serverlogs or s to enable/disable server log output\n    quit or q to shutdown the server and exit\n\n\n## Emulating your app\n\nDeploys the Ionic app on specified platform emulator. This is simply an alias for `run --emulator`.\n\n```bash\n$ ionic emulate ios [options]\n```\n\n\n## Running your app\n\nDeploys the Ionic app on specified platform devices. If a device is not found it\'ll then deploy to an emulator/simulator.\n\n```bash\n$ ionic run ios [options]\n```\n\n## Icon and Splash Screen Image Generation\n\n[Automatically generate icons and splash screens](http://ionicframework.com/blog/automating-icons-and-splash-screens/) from source images to create each size needed for each platform, in addition to copying each resized and cropped image into each platform\'s resources directory. Source images can either be a `png`, `psd` __Photoshop__ or `ai` __Illustrator__ file. Images are generated using Ionic\'s image resizing and cropping server, instead of requiring special libraries and plugins to be installed locally.\n\nSince each platform has different image requirements, it\'s best to make a source image for the largest size needed, and let the CLI do all the resizing, cropping and copying for you. Newly generated images will be placed in the `resources` directory at the root of the Cordova project. Additionally, the CLI will update and add the correct `<platform>` configs to the project\'s [config.xml](http://cordova.apache.org/docs/en/edge/config_ref_images.md.html#Icons%20and%20Splash%20Screens) file.\n\nDuring the build process, Cordova (v3.6 or later) will look through the project\'s [config.xml](http://cordova.apache.org/docs/en/edge/config_ref_images.md.html#Icons%20and%20Splash%20Screens) file and copy the newly created resource images to the platform\'s specific resource folder. For example, Android\'s resource folder can be found in `platforms/android/res`, and iOS uses `platforms/ios/APP_NAME/Resources`.\n\n\n### Icon Source Image\n\nSave an `icon.png`, `icon.psd` or `icon.ai` file within the `resources` directory at the root of the Cordova project. The icon image\'s minimum dimensions should be 192x192 px, and should have __no__ rounded corners. Note that each platform will apply it\'s own mask and effects to the icons. For example, iOS will automatically apply it\'s custom rounded corners, so the source file should not already come with rounded corners. This [Photoshop icon template](http://code.ionicframework.com/resources/icon.psd) provides the recommended size and guidelines of the artwork\'s safe zone.\n\n```bash\n$ ionic resources --icon\n```\n\n- [Photoshop Icon Template](http://code.ionicframework.com/resources/icon.psd)\n\n\n### Splash Screen Source Image\n\nSave a `splash.png`, `splash.psd` or `splash.ai` file within the `resources` directory at the root of the Cordova project. Splash screen dimensions vary for each platform, device and orientation, so a square source image is required the generate each of various sizes. The source image\'s minimum dimensions should be 2208x2208 px, and its artwork should be centered within the square, knowning that each generated image will be center cropped into landscape and portait images. The splash screen\'s artwork should roughly fit within a center square (1200x1200 px). This [Photoshop splash screen template](http://code.ionicframework.com/resources/splash.psd) provides the recommended size and guidelines of the artwork\'s safe zone. Additionally, when the `Orientation` [preference config](http://cordova.apache.org/docs/en/edge/config_ref_index.md.html#The%20config.xml%20File_global_preferences) is set to either `landscape` or `portrait` mode, then only the necessary images will be generated.\n\n```bash\n$ ionic resources --splash\n```\n\n- [Photoshop Splash Screen Template](http://code.ionicframework.com/resources/splash.psd)\n\n\n### Generating Icons and Splash Screens\n\nTo generate both icons and splash screens, follow the instructions above and run:\n\n```bash\n$ ionic resources\n```\n\n### Platform Specific Resource Images\n\nOne source image can be used to generate images for each platform by placing the file within the `resources` directory, such as `resources/icon.png`. To use different source images for individual platforms, place the source image in the respective platform\'s directory. For example, to use a different icon for Android, it should follow this path: `resources/android/icon.png`, and a different image for iOS would use this path: `resources/ios/icon.png`.\n\n## Crosswalk for Android\n\nIn v1.3.0 and later, you can now specify which browser to use in your Cordova Android projects. Currently we only support [Crosswalk](https://crosswalk-project.org/) and have plans to support more browsers later.\n\nExecute `ionic browser add crosswalk` to add the Crosswalk browser to your Android project. By default, this will install the `8.37.189.14` version of Crosswalk.\n\nIf you\'d like to specify a different version of Crosswalk, run `ionic browser list` to see which browsers are available and what versions. Then run `ionic browser add crosswalk@10.39.235.15`.\n\nAll that is left is to run the project as normal - `ionic run android`.\n\n*NOTE: To start with, we are only supporting stable versions of Crosswalk. We plan to add the beta and canary versions as we continue adding to this feature set*\n\n\n## Update Ionic lib\n\nUpdate Ionic library files, which are found in the `www/lib/ionic` directory. If bower is being used\nby the project, this command will automatically run `bower update ionic`, otherwise this command updates\nthe local static files from Ionic\'s CDN.\n\n```bash\n$ ionic lib update\n```\n*Note: Using bower? This command does not update Ionic\'s dependencies. Run `bower update` to update Ionic and all of it\'s dependencies defined in `bower.json`.*\n\n## Packaging an app (beta)\n\nUsing Ionic\'s service, you can compile and package your project into an app-store ready app without\nrequiring native SDKs on your machine.\n\n```bash\n$ ionic package debug android\n```\n\nThe third argument can be either `debug` or `release`, and the last argument can be either `android` or `ios`.\n\n\n## Cordova Commands\n\nIonic uses Cordova underneath, so you can also substitute Cordova commands to prepare/build/emulate/run, or to add additional plugins.\n\n*Note: we occasionally send anonymous usage statistics to the Ionic team to make the tool better.*\n\n## Working around proxies\n\nIf you have a proxy you need to get around, you can pass that proxy with the default `http_proxy` [node environment variable](https://www.npmjs.org/doc/misc/npm-config.html#proxy) or an environment variable `proxy`.\n\nA few ways to set up and use the environment variable:\n\n```bash\nexport http_proxy=internal.proxy.com\n# Or\nexport PROXY=internal.proxy.com\n\nionic start my_app\n\n# Additionally, pass in line\nPROXY=internal.proxy.com ionic start my_app\n```\n\n\n## Using Sass\n\nBy default, starter projects are hooked up to Ionic\'s precompiled CSS file, which is found in the project\'s `www/lib/ionic/css` directory, and is linked to the app in the head of the root `index.html` file. However, Ionic projects can also be customized using [Sass](http://sass-lang.com/), which gives developers and designers "superpowers" in terms of creating and maintaining CSS. Below are two ways to setup Sass for your Ionic project (the `ionic setup sass` command simply does the manual steps for you). Once Sass has been setup for your Ionic project, then the `ionic serve` command will also watch for Sass changes.\n\n#### Setup Sass Automatically\n\n    ionic setup sass\n\n\n#### Setup Sass Manually\n\n1. Run `npm install` from the working directory of an Ionic project. This will install [gulp.js](http://gulpjs.com/) and a few handy tasks, such as [gulp-sass](https://www.npmjs.org/package/gulp-sass) and [gulp-minify-css](https://www.npmjs.org/package/gulp-minify-css).\n2. Remove `<link href="lib/ionic/css/ionic.css" rel="stylesheet">` from the `<head>` of the root `index.html` file.\n3. Remove `<link href="css/style.css" rel="stylesheet">` from the `<head>` of the root `index.html` file.\n4. Add `<link href="css/ionic.app.css" rel="stylesheet">` to the `<head>` of the root `index.html` file.\n5. In the `ionic.project` file, add the JavaScript property `"gulpStartupTasks": ["sass", "watch"]` (this can also be customized to whatever gulp tasks you\'d like).\n',
460 silly resolved     readmeFilename: 'README.md',
460 silly resolved     bugs: { url: 'https://github.com/driftyco/ionic-cli/issues' },
460 silly resolved     _id: 'ionic@1.4.0-alpha.6',
460 silly resolved     dist: { shasum: '8750ab914a87bf40242abb6868e0edae3ba0d2b5' },
460 silly resolved     _from: 'ionic@1.4.0-alpha.6',
460 silly resolved     _resolved: 'https://registry.npmjs.org/ionic/-/ionic-1.4.0-alpha.6.tgz' } ]
461 info install ionic@1.4.0-alpha.6 into /usr/local/lib
462 info installOne ionic@1.4.0-alpha.6
463 info /usr/local/lib/node_modules/ionic unbuild
464 info preuninstall ionic@1.0.14
465 info uninstall ionic@1.0.14
466 verbose true,/usr/local/lib/node_modules,/usr/local/lib/node_modules unbuild ionic@1.0.14
467 verbose /usr/local/bin,[object Object] binRoot
468 info /usr/local/lib/node_modules/ionic unbuild
469 info preuninstall ionic@1.0.14
470 info uninstall ionic@1.0.14
471 verbose true,/usr/local/lib/node_modules,/usr/local/lib/node_modules unbuild ionic@1.0.14
472 verbose /usr/local/bin,[object Object] binRoot
473 error error rolling back Error: EACCES, unlink '/usr/local/bin/ionic'
473 error error rolling back  ionic@1.4.0-alpha.6 { [Error: EACCES, unlink '/usr/local/bin/ionic'] errno: 3, code: 'EACCES', path: '/usr/local/bin/ionic' }
474 error Error: EACCES, unlink '/usr/local/bin/ionic'
474 error  { [Error: EACCES, unlink '/usr/local/bin/ionic'] errno: 3, code: 'EACCES', path: '/usr/local/bin/ionic' }
475 error Please try running this command again as root/Administrator.
476 error System Darwin 14.1.0
477 error command "node" "/usr/local/bin/npm" "update" "-g" "ionic"
478 error cwd /Users/ericyu/Documents/testrite
479 error node -v v0.10.26
480 error npm -v 1.4.3
481 error path /usr/local/bin/ionic
482 error code EACCES
483 error errno 3
484 error stack Error: EACCES, unlink '/usr/local/bin/ionic'
485 verbose exit [ 3, true ]
